2024-11-12 15:44:41,824 [Worker-2] INFO  o.e.m.c.i.p.ProjectConfigurationManager - Update started
2024-11-12 15:44:46,610 [Worker-10] INFO  o.e.m.c.i.l.LifecycleMappingFactory - Using org.eclipse.m2e.jdt.JarLifecycleMapping lifecycle mapping for MavenProject: com.ts:CustomerOnboarding:0.0.1-SNAPSHOT @ F:\CustomerOnboarding\Backend\CustomerOnboarding\pom.xml.
2024-11-12 15:44:51,180 [Worker-10] INFO  o.a.m.s.f.DefaultMavenResourcesFiltering - Copying 1 resource from src\main\resources to target\classes
2024-11-12 15:44:51,208 [Worker-10] INFO  o.a.m.s.f.DefaultMavenResourcesFiltering - Copying 0 resource from src\main\resources to target\classes
2024-11-12 15:44:51,210 [Worker-10] INFO  o.a.m.s.f.DefaultMavenResourcesFiltering - skip non existing resourceDirectory F:\CustomerOnboarding\Backend\CustomerOnboarding\src\test\resources
2024-11-12 15:44:51,903 [Worker-2] INFO  o.e.m.c.i.l.LifecycleMappingFactory - Using org.eclipse.m2e.jdt.JarLifecycleMapping lifecycle mapping for MavenProject: com.ts:CustomerOnboarding:0.0.1-SNAPSHOT @ F:\CustomerOnboarding\Backend\CustomerOnboarding\pom.xml.
2024-11-12 15:44:52,921 [Worker-2] INFO  o.e.m.j.i.AbstractJavaProjectConfigurator - Adding source folder /CustomerOnboarding/src/main/java
2024-11-12 15:44:52,923 [Worker-2] INFO  o.e.m.j.i.AbstractJavaProjectConfigurator - Adding resource folder /CustomerOnboarding/src/main/resources
2024-11-12 15:44:52,956 [Worker-2] INFO  o.e.m.j.i.AbstractJavaProjectConfigurator - Adding resource folder /CustomerOnboarding/src/main/resources
2024-11-12 15:44:52,967 [Worker-2] INFO  o.e.m.j.i.AbstractJavaProjectConfigurator - Adding source folder /CustomerOnboarding/src/test/java
2024-11-12 15:44:54,310 [Worker-15] INFO  o.a.m.s.f.DefaultMavenResourcesFiltering - Copying 1 resource from src\main\resources to target\classes
2024-11-12 15:44:54,346 [Worker-15] INFO  o.a.m.s.f.DefaultMavenResourcesFiltering - Copying 0 resource from src\main\resources to target\classes
2024-11-12 15:44:54,351 [Worker-15] INFO  o.a.m.s.f.DefaultMavenResourcesFiltering - skip non existing resourceDirectory F:\CustomerOnboarding\Backend\CustomerOnboarding\src\test\resources
2024-11-12 15:44:57,840 [Worker-2] INFO  o.e.m.c.i.p.ProjectConfigurationManager - Update completed: 16 sec
2024-11-12 15:44:57,923 [Worker-17] INFO  o.a.m.s.f.DefaultMavenResourcesFiltering - Copying 1 resource from src\main\resources to target\classes
2024-11-12 15:44:57,932 [Worker-17] INFO  o.a.m.s.f.DefaultMavenResourcesFiltering - Copying 0 resource from src\main\resources to target\classes
2024-11-12 15:44:57,934 [Worker-17] INFO  o.a.m.s.f.DefaultMavenResourcesFiltering - skip non existing resourceDirectory F:\CustomerOnboarding\Backend\CustomerOnboarding\src\test\resources
2024-11-12 15:45:32,195 [Worker-13] INFO  o.e.m.c.i.l.LifecycleMappingFactory - Using org.eclipse.m2e.jdt.JarLifecycleMapping lifecycle mapping for MavenProject: com.ts:CustomerOnboarding:0.0.1-SNAPSHOT @ F:\CustomerOnboarding\Backend\CustomerOnboarding\pom.xml.
2024-11-12 15:45:33,752 [Worker-13] INFO  o.e.m.c.i.embedder.EclipseLogger - Using 'UTF-8' encoding to copy filtered resources.
2024-11-12 15:45:33,752 [Worker-13] INFO  o.e.m.c.i.embedder.EclipseLogger - Using 'UTF-8' encoding to copy filtered properties files.
2024-11-12 15:45:33,755 [Worker-13] INFO  o.e.m.c.i.embedder.EclipseLogger - Copying 0 resource
2024-11-12 15:45:33,755 [Worker-13] INFO  o.e.m.c.i.embedder.EclipseLogger - Copying 0 resource
2024-11-12 15:45:33,758 [Worker-13] INFO  o.e.m.c.i.embedder.EclipseLogger - Using 'UTF-8' encoding to copy filtered resources.
2024-11-12 15:45:33,758 [Worker-13] INFO  o.e.m.c.i.embedder.EclipseLogger - Using 'UTF-8' encoding to copy filtered properties files.
2024-11-12 15:45:33,758 [Worker-13] INFO  o.e.m.c.i.embedder.EclipseLogger - skip non existing resourceDirectory F:\CustomerOnboarding\Backend\CustomerOnboarding\src\test\resources
2024-11-12 15:45:35,668 [Worker-18] INFO  o.e.m.c.i.embedder.EclipseLogger - Using 'UTF-8' encoding to copy filtered resources.
2024-11-12 15:45:35,668 [Worker-18] INFO  o.e.m.c.i.embedder.EclipseLogger - Using 'UTF-8' encoding to copy filtered properties files.
2024-11-12 15:45:35,669 [Worker-18] INFO  o.e.m.c.i.embedder.EclipseLogger - Copying 1 resource
2024-11-12 15:45:35,684 [Worker-18] INFO  o.e.m.c.i.embedder.EclipseLogger - Copying 0 resource
2024-11-12 15:45:35,687 [Worker-18] INFO  o.e.m.c.i.embedder.EclipseLogger - Using 'UTF-8' encoding to copy filtered resources.
2024-11-12 15:45:35,687 [Worker-18] INFO  o.e.m.c.i.embedder.EclipseLogger - Using 'UTF-8' encoding to copy filtered properties files.
2024-11-12 15:45:35,687 [Worker-18] INFO  o.e.m.c.i.embedder.EclipseLogger - skip non existing resourceDirectory F:\CustomerOnboarding\Backend\CustomerOnboarding\src\test\resources
2024-11-12 15:45:43,949 [Worker-2] INFO  o.e.m.c.i.l.LifecycleMappingFactory - Using org.eclipse.m2e.jdt.JarLifecycleMapping lifecycle mapping for MavenProject: com.ts:CustomerOnboarding:0.0.1-SNAPSHOT @ F:\CustomerOnboarding\Backend\CustomerOnboarding\pom.xml.
2024-11-12 15:45:44,693 [Worker-2] INFO  o.e.m.c.i.embedder.EclipseLogger - Using 'UTF-8' encoding to copy filtered resources.
2024-11-12 15:45:44,693 [Worker-2] INFO  o.e.m.c.i.embedder.EclipseLogger - Using 'UTF-8' encoding to copy filtered properties files.
2024-11-12 15:45:44,695 [Worker-2] INFO  o.e.m.c.i.embedder.EclipseLogger - Copying 0 resource
2024-11-12 15:45:44,695 [Worker-2] INFO  o.e.m.c.i.embedder.EclipseLogger - Copying 0 resource
2024-11-12 15:45:44,697 [Worker-2] INFO  o.e.m.c.i.embedder.EclipseLogger - Using 'UTF-8' encoding to copy filtered resources.
2024-11-12 15:45:44,697 [Worker-2] INFO  o.e.m.c.i.embedder.EclipseLogger - Using 'UTF-8' encoding to copy filtered properties files.
2024-11-12 15:45:44,697 [Worker-2] INFO  o.e.m.c.i.embedder.EclipseLogger - skip non existing resourceDirectory F:\CustomerOnboarding\Backend\CustomerOnboarding\src\test\resources
2024-11-12 15:46:00,403 [Worker-17] INFO  o.e.m.c.i.l.LifecycleMappingFactory - Using org.eclipse.m2e.jdt.JarLifecycleMapping lifecycle mapping for MavenProject: com.ts:CustomerOnboarding:0.0.1-SNAPSHOT @ F:\CustomerOnboarding\Backend\CustomerOnboarding\pom.xml.
2024-11-12 15:46:01,024 [Worker-17] INFO  o.e.m.c.i.embedder.EclipseLogger - Using 'UTF-8' encoding to copy filtered resources.
2024-11-12 15:46:01,024 [Worker-17] INFO  o.e.m.c.i.embedder.EclipseLogger - Using 'UTF-8' encoding to copy filtered properties files.
2024-11-12 15:46:01,028 [Worker-17] INFO  o.e.m.c.i.embedder.EclipseLogger - Copying 0 resource
2024-11-12 15:46:01,028 [Worker-17] INFO  o.e.m.c.i.embedder.EclipseLogger - Copying 0 resource
2024-11-12 15:46:01,031 [Worker-17] INFO  o.e.m.c.i.embedder.EclipseLogger - Using 'UTF-8' encoding to copy filtered resources.
2024-11-12 15:46:01,031 [Worker-17] INFO  o.e.m.c.i.embedder.EclipseLogger - Using 'UTF-8' encoding to copy filtered properties files.
2024-11-12 15:46:01,031 [Worker-17] INFO  o.e.m.c.i.embedder.EclipseLogger - skip non existing resourceDirectory F:\CustomerOnboarding\Backend\CustomerOnboarding\src\test\resources
2024-11-12 15:46:02,583 [Worker-10] INFO  o.e.m.c.i.embedder.EclipseLogger - Using 'UTF-8' encoding to copy filtered resources.
2024-11-12 15:46:02,584 [Worker-10] INFO  o.e.m.c.i.embedder.EclipseLogger - Using 'UTF-8' encoding to copy filtered properties files.
2024-11-12 15:46:02,584 [Worker-10] INFO  o.e.m.c.i.embedder.EclipseLogger - Copying 1 resource
2024-11-12 15:46:02,600 [Worker-10] INFO  o.e.m.c.i.embedder.EclipseLogger - Copying 0 resource
2024-11-12 15:46:02,603 [Worker-10] INFO  o.e.m.c.i.embedder.EclipseLogger - Using 'UTF-8' encoding to copy filtered resources.
2024-11-12 15:46:02,603 [Worker-10] INFO  o.e.m.c.i.embedder.EclipseLogger - Using 'UTF-8' encoding to copy filtered properties files.
2024-11-12 15:46:02,603 [Worker-10] INFO  o.e.m.c.i.embedder.EclipseLogger - skip non existing resourceDirectory F:\CustomerOnboarding\Backend\CustomerOnboarding\src\test\resources
2024-11-12 15:46:46,653 [Worker-0] INFO  o.e.m.c.i.embedder.EclipseLogger - Using 'UTF-8' encoding to copy filtered resources.
2024-11-12 15:46:46,653 [Worker-0] INFO  o.e.m.c.i.embedder.EclipseLogger - Using 'UTF-8' encoding to copy filtered properties files.
2024-11-12 15:46:46,654 [Worker-0] INFO  o.e.m.c.i.embedder.EclipseLogger - Copying 1 resource
2024-11-12 15:46:46,692 [Worker-0] INFO  o.e.m.c.i.embedder.EclipseLogger - Copying 0 resource
2024-11-12 15:46:46,697 [Worker-0] INFO  o.e.m.c.i.embedder.EclipseLogger - Using 'UTF-8' encoding to copy filtered resources.
2024-11-12 15:46:46,697 [Worker-0] INFO  o.e.m.c.i.embedder.EclipseLogger - Using 'UTF-8' encoding to copy filtered properties files.
2024-11-12 15:46:46,697 [Worker-0] INFO  o.e.m.c.i.embedder.EclipseLogger - skip non existing resourceDirectory F:\CustomerOnboarding\Backend\CustomerOnboarding\src\test\resources
2024-11-12 15:47:19,709 [Worker-13] INFO  o.e.m.c.i.embedder.EclipseLogger - Using 'UTF-8' encoding to copy filtered resources.
2024-11-12 15:47:19,709 [Worker-13] INFO  o.e.m.c.i.embedder.EclipseLogger - Using 'UTF-8' encoding to copy filtered properties files.
2024-11-12 15:47:19,709 [Worker-13] INFO  o.e.m.c.i.embedder.EclipseLogger - Copying 1 resource
2024-11-12 15:47:19,713 [Worker-13] INFO  o.e.m.c.i.embedder.EclipseLogger - Copying 0 resource
2024-11-12 15:47:19,713 [Worker-13] INFO  o.e.m.c.i.embedder.EclipseLogger - Using 'UTF-8' encoding to copy filtered resources.
2024-11-12 15:47:19,713 [Worker-13] INFO  o.e.m.c.i.embedder.EclipseLogger - Using 'UTF-8' encoding to copy filtered properties files.
2024-11-12 15:47:19,713 [Worker-13] INFO  o.e.m.c.i.embedder.EclipseLogger - skip non existing resourceDirectory F:\CustomerOnboarding\Backend\CustomerOnboarding\src\test\resources
2024-11-12 17:46:51,556 [Worker-69] INFO  o.e.m.c.i.embedder.EclipseLogger - Using 'UTF-8' encoding to copy filtered resources.
2024-11-12 17:46:51,556 [Worker-69] INFO  o.e.m.c.i.embedder.EclipseLogger - Using 'UTF-8' encoding to copy filtered properties files.
2024-11-12 17:46:51,556 [Worker-69] INFO  o.e.m.c.i.embedder.EclipseLogger - Copying 1 resource
2024-11-12 17:46:51,744 [Worker-69] INFO  o.e.m.c.i.embedder.EclipseLogger - Copying 0 resource
2024-11-12 17:46:51,744 [Worker-69] INFO  o.e.m.c.i.embedder.EclipseLogger - Using 'UTF-8' encoding to copy filtered resources.
2024-11-12 17:46:51,744 [Worker-69] INFO  o.e.m.c.i.embedder.EclipseLogger - Using 'UTF-8' encoding to copy filtered properties files.
2024-11-12 17:46:51,744 [Worker-69] INFO  o.e.m.c.i.embedder.EclipseLogger - skip non existing resourceDirectory F:\CustomerOnboarding\Backend\CustomerOnboarding\src\test\resources
2024-11-12 17:47:18,975 [Worker-66] INFO  o.e.m.c.i.l.LifecycleMappingFactory - Using org.eclipse.m2e.jdt.JarLifecycleMapping lifecycle mapping for MavenProject: com.ts:CustomerOnboarding:0.0.1-SNAPSHOT @ F:\CustomerOnboarding\Backend\CustomerOnboarding\pom.xml.
2024-11-12 17:47:21,234 [Worker-66] INFO  o.e.m.c.i.embedder.EclipseLogger - Using 'UTF-8' encoding to copy filtered resources.
2024-11-12 17:47:21,234 [Worker-66] INFO  o.e.m.c.i.embedder.EclipseLogger - Using 'UTF-8' encoding to copy filtered properties files.
2024-11-12 17:47:21,234 [Worker-66] INFO  o.e.m.c.i.embedder.EclipseLogger - Copying 0 resource
2024-11-12 17:47:21,234 [Worker-66] INFO  o.e.m.c.i.embedder.EclipseLogger - Copying 0 resource
2024-11-12 17:47:21,234 [Worker-66] INFO  o.e.m.c.i.embedder.EclipseLogger - Using 'UTF-8' encoding to copy filtered resources.
2024-11-12 17:47:21,234 [Worker-66] INFO  o.e.m.c.i.embedder.EclipseLogger - Using 'UTF-8' encoding to copy filtered properties files.
2024-11-12 17:47:21,234 [Worker-66] INFO  o.e.m.c.i.embedder.EclipseLogger - skip non existing resourceDirectory F:\CustomerOnboarding\Backend\CustomerOnboarding\src\test\resources
2024-11-12 17:47:22,804 [Worker-66] INFO  o.e.m.c.i.embedder.EclipseLogger - Using 'UTF-8' encoding to copy filtered resources.
2024-11-12 17:47:22,804 [Worker-66] INFO  o.e.m.c.i.embedder.EclipseLogger - Using 'UTF-8' encoding to copy filtered properties files.
2024-11-12 17:47:22,804 [Worker-66] INFO  o.e.m.c.i.embedder.EclipseLogger - Copying 1 resource
2024-11-12 17:47:22,850 [Worker-66] INFO  o.e.m.c.i.embedder.EclipseLogger - Copying 0 resource
2024-11-12 17:47:22,850 [Worker-66] INFO  o.e.m.c.i.embedder.EclipseLogger - Using 'UTF-8' encoding to copy filtered resources.
2024-11-12 17:47:22,850 [Worker-66] INFO  o.e.m.c.i.embedder.EclipseLogger - Using 'UTF-8' encoding to copy filtered properties files.
2024-11-12 17:47:22,850 [Worker-66] INFO  o.e.m.c.i.embedder.EclipseLogger - skip non existing resourceDirectory F:\CustomerOnboarding\Backend\CustomerOnboarding\src\test\resources
2024-11-12 17:47:56,079 [Worker-68] INFO  o.e.m.c.i.embedder.EclipseLogger - Using 'UTF-8' encoding to copy filtered resources.
2024-11-12 17:47:56,079 [Worker-68] INFO  o.e.m.c.i.embedder.EclipseLogger - Using 'UTF-8' encoding to copy filtered properties files.
2024-11-12 17:47:56,079 [Worker-68] INFO  o.e.m.c.i.embedder.EclipseLogger - Copying 1 resource
2024-11-12 17:47:56,098 [Worker-68] INFO  o.e.m.c.i.embedder.EclipseLogger - Copying 0 resource
2024-11-12 17:47:56,098 [Worker-68] INFO  o.e.m.c.i.embedder.EclipseLogger - Using 'UTF-8' encoding to copy filtered resources.
2024-11-12 17:47:56,098 [Worker-68] INFO  o.e.m.c.i.embedder.EclipseLogger - Using 'UTF-8' encoding to copy filtered properties files.
2024-11-12 17:47:56,098 [Worker-68] INFO  o.e.m.c.i.embedder.EclipseLogger - skip non existing resourceDirectory F:\CustomerOnboarding\Backend\CustomerOnboarding\src\test\resources
2024-11-12 17:49:45,902 [Worker-70] INFO  o.e.m.c.i.embedder.EclipseLogger - Using 'UTF-8' encoding to copy filtered resources.
2024-11-12 17:49:45,902 [Worker-70] INFO  o.e.m.c.i.embedder.EclipseLogger - Using 'UTF-8' encoding to copy filtered properties files.
2024-11-12 17:49:45,902 [Worker-70] INFO  o.e.m.c.i.embedder.EclipseLogger - Copying 1 resource
2024-11-12 17:49:45,902 [Worker-70] INFO  o.e.m.c.i.embedder.EclipseLogger - Copying 0 resource
2024-11-12 17:49:45,902 [Worker-70] INFO  o.e.m.c.i.embedder.EclipseLogger - Using 'UTF-8' encoding to copy filtered resources.
2024-11-12 17:49:45,902 [Worker-70] INFO  o.e.m.c.i.embedder.EclipseLogger - Using 'UTF-8' encoding to copy filtered properties files.
2024-11-12 17:49:45,902 [Worker-70] INFO  o.e.m.c.i.embedder.EclipseLogger - skip non existing resourceDirectory F:\CustomerOnboarding\Backend\CustomerOnboarding\src\test\resources
2024-11-12 17:53:07,435 [Worker-68] INFO  o.e.m.c.i.embedder.EclipseLogger - Using 'UTF-8' encoding to copy filtered resources.
2024-11-12 17:53:07,435 [Worker-68] INFO  o.e.m.c.i.embedder.EclipseLogger - Using 'UTF-8' encoding to copy filtered properties files.
2024-11-12 17:53:07,435 [Worker-68] INFO  o.e.m.c.i.embedder.EclipseLogger - Copying 1 resource
2024-11-12 17:53:07,466 [Worker-68] INFO  o.e.m.c.i.embedder.EclipseLogger - Copying 0 resource
2024-11-12 17:53:07,466 [Worker-68] INFO  o.e.m.c.i.embedder.EclipseLogger - Using 'UTF-8' encoding to copy filtered resources.
2024-11-12 17:53:07,466 [Worker-68] INFO  o.e.m.c.i.embedder.EclipseLogger - Using 'UTF-8' encoding to copy filtered properties files.
2024-11-12 17:53:07,466 [Worker-68] INFO  o.e.m.c.i.embedder.EclipseLogger - skip non existing resourceDirectory F:\CustomerOnboarding\Backend\CustomerOnboarding\src\test\resources
2024-11-12 17:55:07,468 [Worker-74] INFO  o.e.m.c.i.embedder.EclipseLogger - Using 'UTF-8' encoding to copy filtered resources.
2024-11-12 17:55:07,468 [Worker-74] INFO  o.e.m.c.i.embedder.EclipseLogger - Using 'UTF-8' encoding to copy filtered properties files.
2024-11-12 17:55:07,468 [Worker-74] INFO  o.e.m.c.i.embedder.EclipseLogger - Copying 1 resource
2024-11-12 17:55:07,484 [Worker-74] INFO  o.e.m.c.i.embedder.EclipseLogger - Copying 0 resource
2024-11-12 17:55:07,484 [Worker-74] INFO  o.e.m.c.i.embedder.EclipseLogger - Using 'UTF-8' encoding to copy filtered resources.
2024-11-12 17:55:07,484 [Worker-74] INFO  o.e.m.c.i.embedder.EclipseLogger - Using 'UTF-8' encoding to copy filtered properties files.
2024-11-12 17:55:07,484 [Worker-74] INFO  o.e.m.c.i.embedder.EclipseLogger - skip non existing resourceDirectory F:\CustomerOnboarding\Backend\CustomerOnboarding\src\test\resources
2024-11-12 17:55:58,664 [Worker-68] INFO  o.e.m.c.i.embedder.EclipseLogger - Using 'UTF-8' encoding to copy filtered resources.
2024-11-12 17:55:58,664 [Worker-68] INFO  o.e.m.c.i.embedder.EclipseLogger - Using 'UTF-8' encoding to copy filtered properties files.
2024-11-12 17:55:58,664 [Worker-68] INFO  o.e.m.c.i.embedder.EclipseLogger - Copying 1 resource
2024-11-12 17:55:58,688 [Worker-68] INFO  o.e.m.c.i.embedder.EclipseLogger - Copying 0 resource
2024-11-12 17:55:58,688 [Worker-68] INFO  o.e.m.c.i.embedder.EclipseLogger - Using 'UTF-8' encoding to copy filtered resources.
2024-11-12 17:55:58,688 [Worker-68] INFO  o.e.m.c.i.embedder.EclipseLogger - Using 'UTF-8' encoding to copy filtered properties files.
2024-11-12 17:55:58,688 [Worker-68] INFO  o.e.m.c.i.embedder.EclipseLogger - skip non existing resourceDirectory F:\CustomerOnboarding\Backend\CustomerOnboarding\src\test\resources
2024-11-12 17:56:42,456 [Worker-77] INFO  o.e.m.c.i.embedder.EclipseLogger - Using 'UTF-8' encoding to copy filtered resources.
2024-11-12 17:56:42,456 [Worker-77] INFO  o.e.m.c.i.embedder.EclipseLogger - Using 'UTF-8' encoding to copy filtered properties files.
2024-11-12 17:56:42,456 [Worker-77] INFO  o.e.m.c.i.embedder.EclipseLogger - Copying 1 resource
2024-11-12 17:56:42,472 [Worker-77] INFO  o.e.m.c.i.embedder.EclipseLogger - Copying 0 resource
2024-11-12 17:56:42,472 [Worker-77] INFO  o.e.m.c.i.embedder.EclipseLogger - Using 'UTF-8' encoding to copy filtered resources.
2024-11-12 17:56:42,472 [Worker-77] INFO  o.e.m.c.i.embedder.EclipseLogger - Using 'UTF-8' encoding to copy filtered properties files.
2024-11-12 17:56:42,472 [Worker-77] INFO  o.e.m.c.i.embedder.EclipseLogger - skip non existing resourceDirectory F:\CustomerOnboarding\Backend\CustomerOnboarding\src\test\resources
2024-11-12 17:57:21,464 [Worker-67] INFO  o.e.m.c.i.embedder.EclipseLogger - Using 'UTF-8' encoding to copy filtered resources.
2024-11-12 17:57:21,464 [Worker-67] INFO  o.e.m.c.i.embedder.EclipseLogger - Using 'UTF-8' encoding to copy filtered properties files.
2024-11-12 17:57:21,464 [Worker-67] INFO  o.e.m.c.i.embedder.EclipseLogger - Copying 1 resource
2024-11-12 17:57:21,474 [Worker-67] INFO  o.e.m.c.i.embedder.EclipseLogger - Copying 0 resource
2024-11-12 17:57:21,474 [Worker-67] INFO  o.e.m.c.i.embedder.EclipseLogger - Using 'UTF-8' encoding to copy filtered resources.
2024-11-12 17:57:21,474 [Worker-67] INFO  o.e.m.c.i.embedder.EclipseLogger - Using 'UTF-8' encoding to copy filtered properties files.
2024-11-12 17:57:21,474 [Worker-67] INFO  o.e.m.c.i.embedder.EclipseLogger - skip non existing resourceDirectory F:\CustomerOnboarding\Backend\CustomerOnboarding\src\test\resources
2024-11-12 17:57:36,179 [Worker-76] INFO  o.e.m.c.i.embedder.EclipseLogger - Using 'UTF-8' encoding to copy filtered resources.
2024-11-12 17:57:36,179 [Worker-76] INFO  o.e.m.c.i.embedder.EclipseLogger - Using 'UTF-8' encoding to copy filtered properties files.
2024-11-12 17:57:36,179 [Worker-76] INFO  o.e.m.c.i.embedder.EclipseLogger - Copying 1 resource
2024-11-12 17:57:36,202 [Worker-76] INFO  o.e.m.c.i.embedder.EclipseLogger - Copying 0 resource
2024-11-12 17:57:36,202 [Worker-76] INFO  o.e.m.c.i.embedder.EclipseLogger - Using 'UTF-8' encoding to copy filtered resources.
2024-11-12 17:57:36,202 [Worker-76] INFO  o.e.m.c.i.embedder.EclipseLogger - Using 'UTF-8' encoding to copy filtered properties files.
2024-11-12 17:57:36,202 [Worker-76] INFO  o.e.m.c.i.embedder.EclipseLogger - skip non existing resourceDirectory F:\CustomerOnboarding\Backend\CustomerOnboarding\src\test\resources
2024-11-12 17:57:51,337 [Worker-74] INFO  o.e.m.c.i.embedder.EclipseLogger - Using 'UTF-8' encoding to copy filtered resources.
2024-11-12 17:57:51,337 [Worker-74] INFO  o.e.m.c.i.embedder.EclipseLogger - Using 'UTF-8' encoding to copy filtered properties files.
2024-11-12 17:57:51,337 [Worker-74] INFO  o.e.m.c.i.embedder.EclipseLogger - Copying 1 resource
2024-11-12 17:57:51,337 [Worker-74] INFO  o.e.m.c.i.embedder.EclipseLogger - Copying 0 resource
2024-11-12 17:57:51,337 [Worker-74] INFO  o.e.m.c.i.embedder.EclipseLogger - Using 'UTF-8' encoding to copy filtered resources.
2024-11-12 17:57:51,337 [Worker-74] INFO  o.e.m.c.i.embedder.EclipseLogger - Using 'UTF-8' encoding to copy filtered properties files.
2024-11-12 17:57:51,337 [Worker-74] INFO  o.e.m.c.i.embedder.EclipseLogger - skip non existing resourceDirectory F:\CustomerOnboarding\Backend\CustomerOnboarding\src\test\resources
2024-11-12 17:58:43,621 [Worker-67] INFO  o.e.m.c.i.embedder.EclipseLogger - Using 'UTF-8' encoding to copy filtered resources.
2024-11-12 17:58:43,621 [Worker-67] INFO  o.e.m.c.i.embedder.EclipseLogger - Using 'UTF-8' encoding to copy filtered properties files.
2024-11-12 17:58:43,621 [Worker-67] INFO  o.e.m.c.i.embedder.EclipseLogger - Copying 1 resource
2024-11-12 17:58:43,621 [Worker-67] INFO  o.e.m.c.i.embedder.EclipseLogger - Copying 0 resource
2024-11-12 17:58:43,621 [Worker-67] INFO  o.e.m.c.i.embedder.EclipseLogger - Using 'UTF-8' encoding to copy filtered resources.
2024-11-12 17:58:43,621 [Worker-67] INFO  o.e.m.c.i.embedder.EclipseLogger - Using 'UTF-8' encoding to copy filtered properties files.
2024-11-12 17:58:43,621 [Worker-67] INFO  o.e.m.c.i.embedder.EclipseLogger - skip non existing resourceDirectory F:\CustomerOnboarding\Backend\CustomerOnboarding\src\test\resources
2024-11-12 17:59:16,846 [Worker-77] INFO  o.e.m.c.i.embedder.EclipseLogger - Using 'UTF-8' encoding to copy filtered resources.
2024-11-12 17:59:16,846 [Worker-77] INFO  o.e.m.c.i.embedder.EclipseLogger - Using 'UTF-8' encoding to copy filtered properties files.
2024-11-12 17:59:16,846 [Worker-77] INFO  o.e.m.c.i.embedder.EclipseLogger - Copying 1 resource
2024-11-12 17:59:16,880 [Worker-77] INFO  o.e.m.c.i.embedder.EclipseLogger - Copying 0 resource
2024-11-12 17:59:16,890 [Worker-77] INFO  o.e.m.c.i.embedder.EclipseLogger - Using 'UTF-8' encoding to copy filtered resources.
2024-11-12 17:59:16,890 [Worker-77] INFO  o.e.m.c.i.embedder.EclipseLogger - Using 'UTF-8' encoding to copy filtered properties files.
2024-11-12 17:59:16,890 [Worker-77] INFO  o.e.m.c.i.embedder.EclipseLogger - skip non existing resourceDirectory F:\CustomerOnboarding\Backend\CustomerOnboarding\src\test\resources
2024-11-12 17:59:33,308 [Worker-67] INFO  o.e.m.c.i.embedder.EclipseLogger - Using 'UTF-8' encoding to copy filtered resources.
2024-11-12 17:59:33,308 [Worker-67] INFO  o.e.m.c.i.embedder.EclipseLogger - Using 'UTF-8' encoding to copy filtered properties files.
2024-11-12 17:59:33,308 [Worker-67] INFO  o.e.m.c.i.embedder.EclipseLogger - Copying 1 resource
2024-11-12 17:59:33,323 [Worker-67] INFO  o.e.m.c.i.embedder.EclipseLogger - Copying 0 resource
2024-11-12 17:59:33,323 [Worker-67] INFO  o.e.m.c.i.embedder.EclipseLogger - Using 'UTF-8' encoding to copy filtered resources.
2024-11-12 17:59:33,323 [Worker-67] INFO  o.e.m.c.i.embedder.EclipseLogger - Using 'UTF-8' encoding to copy filtered properties files.
2024-11-12 17:59:33,323 [Worker-67] INFO  o.e.m.c.i.embedder.EclipseLogger - skip non existing resourceDirectory F:\CustomerOnboarding\Backend\CustomerOnboarding\src\test\resources
2024-11-12 17:59:44,313 [Worker-67] INFO  o.e.m.c.i.embedder.EclipseLogger - Using 'UTF-8' encoding to copy filtered resources.
2024-11-12 17:59:44,313 [Worker-67] INFO  o.e.m.c.i.embedder.EclipseLogger - Using 'UTF-8' encoding to copy filtered properties files.
2024-11-12 17:59:44,313 [Worker-67] INFO  o.e.m.c.i.embedder.EclipseLogger - Copying 1 resource
2024-11-12 17:59:44,313 [Worker-67] INFO  o.e.m.c.i.embedder.EclipseLogger - Copying 0 resource
2024-11-12 17:59:44,330 [Worker-67] INFO  o.e.m.c.i.embedder.EclipseLogger - Using 'UTF-8' encoding to copy filtered resources.
2024-11-12 17:59:44,330 [Worker-67] INFO  o.e.m.c.i.embedder.EclipseLogger - Using 'UTF-8' encoding to copy filtered properties files.
2024-11-12 17:59:44,330 [Worker-67] INFO  o.e.m.c.i.embedder.EclipseLogger - skip non existing resourceDirectory F:\CustomerOnboarding\Backend\CustomerOnboarding\src\test\resources
2024-11-12 17:59:49,692 [Worker-76] INFO  o.e.m.c.i.embedder.EclipseLogger - Using 'UTF-8' encoding to copy filtered resources.
2024-11-12 17:59:49,692 [Worker-76] INFO  o.e.m.c.i.embedder.EclipseLogger - Using 'UTF-8' encoding to copy filtered properties files.
2024-11-12 17:59:49,692 [Worker-76] INFO  o.e.m.c.i.embedder.EclipseLogger - Copying 1 resource
2024-11-12 17:59:49,699 [Worker-76] INFO  o.e.m.c.i.embedder.EclipseLogger - Copying 0 resource
2024-11-12 17:59:49,699 [Worker-76] INFO  o.e.m.c.i.embedder.EclipseLogger - Using 'UTF-8' encoding to copy filtered resources.
2024-11-12 17:59:49,699 [Worker-76] INFO  o.e.m.c.i.embedder.EclipseLogger - Using 'UTF-8' encoding to copy filtered properties files.
2024-11-12 17:59:49,699 [Worker-76] INFO  o.e.m.c.i.embedder.EclipseLogger - skip non existing resourceDirectory F:\CustomerOnboarding\Backend\CustomerOnboarding\src\test\resources
2024-11-12 18:01:14,104 [Worker-77] INFO  o.e.m.c.i.embedder.EclipseLogger - Using 'UTF-8' encoding to copy filtered resources.
2024-11-12 18:01:14,104 [Worker-77] INFO  o.e.m.c.i.embedder.EclipseLogger - Using 'UTF-8' encoding to copy filtered properties files.
2024-11-12 18:01:14,104 [Worker-77] INFO  o.e.m.c.i.embedder.EclipseLogger - Copying 1 resource
2024-11-12 18:01:14,109 [Worker-77] INFO  o.e.m.c.i.embedder.EclipseLogger - Copying 0 resource
2024-11-12 18:01:14,109 [Worker-77] INFO  o.e.m.c.i.embedder.EclipseLogger - Using 'UTF-8' encoding to copy filtered resources.
2024-11-12 18:01:14,109 [Worker-77] INFO  o.e.m.c.i.embedder.EclipseLogger - Using 'UTF-8' encoding to copy filtered properties files.
2024-11-12 18:01:14,109 [Worker-77] INFO  o.e.m.c.i.embedder.EclipseLogger - skip non existing resourceDirectory F:\CustomerOnboarding\Backend\CustomerOnboarding\src\test\resources
2024-11-12 18:02:45,808 [Worker-67] WARN  o.e.r.models.ModelRepository - Failed to download org.eclipse.recommenders:index::zip:0.0.0
org.eclipse.aether.resolution.ArtifactResolutionException: Could not find artifact org.eclipse.recommenders:index:zip:0.0.0-SNAPSHOT in models (http://download.eclipse.org/recommenders/models/neon/)
	at org.eclipse.aether.internal.impl.DefaultArtifactResolver.resolve(DefaultArtifactResolver.java:444) ~[na:na]
	at org.eclipse.aether.internal.impl.DefaultArtifactResolver.resolveArtifacts(DefaultArtifactResolver.java:246) ~[na:na]
	at org.eclipse.aether.internal.impl.DefaultArtifactResolver.resolveArtifact(DefaultArtifactResolver.java:223) ~[na:na]
	at org.eclipse.aether.internal.impl.DefaultRepositorySystem.resolveArtifact(DefaultRepositorySystem.java:294) ~[na:na]
	at org.eclipse.recommenders.models.ModelRepository.resolveInternal(ModelRepository.java:193) [org.eclipse.recommenders.models_2.4.6.v20170307-1041.jar:na]
	at org.eclipse.recommenders.models.ModelRepository.resolve(ModelRepository.java:172) [org.eclipse.recommenders.models_2.4.6.v20170307-1041.jar:na]
	at org.eclipse.recommenders.internal.models.rcp.EclipseModelRepository.resolve(EclipseModelRepository.java:169) [org.eclipse.recommenders.models.rcp_2.4.6.v20170307-1041.jar:na]
	at org.eclipse.recommenders.internal.models.rcp.DownloadModelArchiveJob.run(DownloadModelArchiveJob.java:76) [org.eclipse.recommenders.models.rcp_2.4.6.v20170307-1041.jar:na]
	at org.eclipse.core.internal.jobs.Worker.run(Worker.java:55) [org.eclipse.core.jobs_3.8.0.v20160509-0411.jar:na]
Caused by: org.eclipse.aether.transfer.ArtifactNotFoundException: Could not find artifact org.eclipse.recommenders:index:zip:0.0.0-SNAPSHOT in models (http://download.eclipse.org/recommenders/models/neon/)
	at org.eclipse.aether.connector.basic.ArtifactTransportListener.transferFailed(ArtifactTransportListener.java:39) ~[org.eclipse.aether.connector.basic_1.0.1.v20141111.jar:na]
	at org.eclipse.aether.connector.basic.BasicRepositoryConnector$TaskRunner.run(BasicRepositoryConnector.java:355) ~[org.eclipse.aether.connector.basic_1.0.1.v20141111.jar:na]
	at org.eclipse.aether.util.concurrency.RunnableErrorForwarder$1.run(RunnableErrorForwarder.java:67) ~[na:na]
	at org.eclipse.aether.connector.basic.BasicRepositoryConnector$DirectExecutor.execute(BasicRepositoryConnector.java:581) ~[org.eclipse.aether.connector.basic_1.0.1.v20141111.jar:na]
	at org.eclipse.aether.connector.basic.BasicRepositoryConnector.get(BasicRepositoryConnector.java:249) ~[org.eclipse.aether.connector.basic_1.0.1.v20141111.jar:na]
	at org.eclipse.aether.internal.impl.DefaultArtifactResolver.performDownloads(DefaultArtifactResolver.java:520) ~[na:na]
	at org.eclipse.aether.internal.impl.DefaultArtifactResolver.resolve(DefaultArtifactResolver.java:421) ~[na:na]
	... 8 common frames omitted
2024-11-12 18:02:48,761 [Worker-77] INFO  o.e.m.c.i.embedder.EclipseLogger - Using 'UTF-8' encoding to copy filtered resources.
2024-11-12 18:02:48,761 [Worker-77] INFO  o.e.m.c.i.embedder.EclipseLogger - Using 'UTF-8' encoding to copy filtered properties files.
2024-11-12 18:02:48,761 [Worker-77] INFO  o.e.m.c.i.embedder.EclipseLogger - Copying 1 resource
2024-11-12 18:02:48,761 [Worker-77] INFO  o.e.m.c.i.embedder.EclipseLogger - Copying 0 resource
2024-11-12 18:02:48,761 [Worker-77] INFO  o.e.m.c.i.embedder.EclipseLogger - Using 'UTF-8' encoding to copy filtered resources.
2024-11-12 18:02:48,761 [Worker-77] INFO  o.e.m.c.i.embedder.EclipseLogger - Using 'UTF-8' encoding to copy filtered properties files.
2024-11-12 18:02:48,761 [Worker-77] INFO  o.e.m.c.i.embedder.EclipseLogger - skip non existing resourceDirectory F:\CustomerOnboarding\Backend\CustomerOnboarding\src\test\resources
2024-11-12 18:03:10,316 [Worker-77] INFO  o.e.m.c.i.embedder.EclipseLogger - Using 'UTF-8' encoding to copy filtered resources.
2024-11-12 18:03:10,316 [Worker-77] INFO  o.e.m.c.i.embedder.EclipseLogger - Using 'UTF-8' encoding to copy filtered properties files.
2024-11-12 18:03:10,316 [Worker-77] INFO  o.e.m.c.i.embedder.EclipseLogger - Copying 1 resource
2024-11-12 18:03:10,325 [Worker-77] INFO  o.e.m.c.i.embedder.EclipseLogger - Copying 0 resource
2024-11-12 18:03:10,325 [Worker-77] INFO  o.e.m.c.i.embedder.EclipseLogger - Using 'UTF-8' encoding to copy filtered resources.
2024-11-12 18:03:10,325 [Worker-77] INFO  o.e.m.c.i.embedder.EclipseLogger - Using 'UTF-8' encoding to copy filtered properties files.
2024-11-12 18:03:10,325 [Worker-77] INFO  o.e.m.c.i.embedder.EclipseLogger - skip non existing resourceDirectory F:\CustomerOnboarding\Backend\CustomerOnboarding\src\test\resources
2024-11-12 18:04:31,281 [Worker-74] INFO  o.e.m.c.i.embedder.EclipseLogger - Using 'UTF-8' encoding to copy filtered resources.
2024-11-12 18:04:31,281 [Worker-74] INFO  o.e.m.c.i.embedder.EclipseLogger - Using 'UTF-8' encoding to copy filtered properties files.
2024-11-12 18:04:31,281 [Worker-74] INFO  o.e.m.c.i.embedder.EclipseLogger - Copying 1 resource
2024-11-12 18:04:31,287 [Worker-74] INFO  o.e.m.c.i.embedder.EclipseLogger - Copying 0 resource
2024-11-12 18:04:31,291 [Worker-74] INFO  o.e.m.c.i.embedder.EclipseLogger - Using 'UTF-8' encoding to copy filtered resources.
2024-11-12 18:04:31,291 [Worker-74] INFO  o.e.m.c.i.embedder.EclipseLogger - Using 'UTF-8' encoding to copy filtered properties files.
2024-11-12 18:04:31,291 [Worker-74] INFO  o.e.m.c.i.embedder.EclipseLogger - skip non existing resourceDirectory F:\CustomerOnboarding\Backend\CustomerOnboarding\src\test\resources
2024-11-12 18:06:00,860 [Worker-78] INFO  o.e.m.c.i.embedder.EclipseLogger - Using 'UTF-8' encoding to copy filtered resources.
2024-11-12 18:06:00,860 [Worker-78] INFO  o.e.m.c.i.embedder.EclipseLogger - Using 'UTF-8' encoding to copy filtered properties files.
2024-11-12 18:06:00,860 [Worker-78] INFO  o.e.m.c.i.embedder.EclipseLogger - Copying 1 resource
2024-11-12 18:06:00,860 [Worker-78] INFO  o.e.m.c.i.embedder.EclipseLogger - Copying 0 resource
2024-11-12 18:06:00,860 [Worker-78] INFO  o.e.m.c.i.embedder.EclipseLogger - Using 'UTF-8' encoding to copy filtered resources.
2024-11-12 18:06:00,860 [Worker-78] INFO  o.e.m.c.i.embedder.EclipseLogger - Using 'UTF-8' encoding to copy filtered properties files.
2024-11-12 18:06:00,860 [Worker-78] INFO  o.e.m.c.i.embedder.EclipseLogger - skip non existing resourceDirectory F:\CustomerOnboarding\Backend\CustomerOnboarding\src\test\resources
2024-11-12 18:07:39,960 [Worker-82] INFO  o.e.m.c.i.embedder.EclipseLogger - Using 'UTF-8' encoding to copy filtered resources.
2024-11-12 18:07:39,960 [Worker-82] INFO  o.e.m.c.i.embedder.EclipseLogger - Using 'UTF-8' encoding to copy filtered properties files.
2024-11-12 18:07:39,960 [Worker-82] INFO  o.e.m.c.i.embedder.EclipseLogger - Copying 1 resource
2024-11-12 18:07:39,992 [Worker-82] INFO  o.e.m.c.i.embedder.EclipseLogger - Copying 0 resource
2024-11-12 18:07:40,007 [Worker-82] INFO  o.e.m.c.i.embedder.EclipseLogger - Using 'UTF-8' encoding to copy filtered resources.
2024-11-12 18:07:40,007 [Worker-82] INFO  o.e.m.c.i.embedder.EclipseLogger - Using 'UTF-8' encoding to copy filtered properties files.
2024-11-12 18:07:40,007 [Worker-82] INFO  o.e.m.c.i.embedder.EclipseLogger - skip non existing resourceDirectory F:\CustomerOnboarding\Backend\CustomerOnboarding\src\test\resources
2024-11-12 18:08:25,214 [Worker-76] INFO  o.e.m.c.i.embedder.EclipseLogger - Using 'UTF-8' encoding to copy filtered resources.
2024-11-12 18:08:25,214 [Worker-76] INFO  o.e.m.c.i.embedder.EclipseLogger - Using 'UTF-8' encoding to copy filtered properties files.
2024-11-12 18:08:25,214 [Worker-76] INFO  o.e.m.c.i.embedder.EclipseLogger - Copying 1 resource
2024-11-12 18:08:25,221 [Worker-76] INFO  o.e.m.c.i.embedder.EclipseLogger - Copying 0 resource
2024-11-12 18:08:25,221 [Worker-76] INFO  o.e.m.c.i.embedder.EclipseLogger - Using 'UTF-8' encoding to copy filtered resources.
2024-11-12 18:08:25,221 [Worker-76] INFO  o.e.m.c.i.embedder.EclipseLogger - Using 'UTF-8' encoding to copy filtered properties files.
2024-11-12 18:08:25,221 [Worker-76] INFO  o.e.m.c.i.embedder.EclipseLogger - skip non existing resourceDirectory F:\CustomerOnboarding\Backend\CustomerOnboarding\src\test\resources
2024-11-12 18:09:33,440 [Worker-67] INFO  o.e.m.c.i.embedder.EclipseLogger - Using 'UTF-8' encoding to copy filtered resources.
2024-11-12 18:09:33,440 [Worker-67] INFO  o.e.m.c.i.embedder.EclipseLogger - Using 'UTF-8' encoding to copy filtered properties files.
2024-11-12 18:09:33,440 [Worker-67] INFO  o.e.m.c.i.embedder.EclipseLogger - Copying 1 resource
2024-11-12 18:09:33,447 [Worker-67] INFO  o.e.m.c.i.embedder.EclipseLogger - Copying 0 resource
2024-11-12 18:09:33,447 [Worker-67] INFO  o.e.m.c.i.embedder.EclipseLogger - Using 'UTF-8' encoding to copy filtered resources.
2024-11-12 18:09:33,447 [Worker-67] INFO  o.e.m.c.i.embedder.EclipseLogger - Using 'UTF-8' encoding to copy filtered properties files.
2024-11-12 18:09:33,447 [Worker-67] INFO  o.e.m.c.i.embedder.EclipseLogger - skip non existing resourceDirectory F:\CustomerOnboarding\Backend\CustomerOnboarding\src\test\resources
2024-11-12 18:11:03,651 [Worker-83] INFO  o.e.m.c.i.embedder.EclipseLogger - Using 'UTF-8' encoding to copy filtered resources.
2024-11-12 18:11:03,651 [Worker-83] INFO  o.e.m.c.i.embedder.EclipseLogger - Using 'UTF-8' encoding to copy filtered properties files.
2024-11-12 18:11:03,651 [Worker-83] INFO  o.e.m.c.i.embedder.EclipseLogger - Copying 1 resource
2024-11-12 18:11:03,659 [Worker-83] INFO  o.e.m.c.i.embedder.EclipseLogger - Copying 0 resource
2024-11-12 18:11:03,659 [Worker-83] INFO  o.e.m.c.i.embedder.EclipseLogger - Using 'UTF-8' encoding to copy filtered resources.
2024-11-12 18:11:03,659 [Worker-83] INFO  o.e.m.c.i.embedder.EclipseLogger - Using 'UTF-8' encoding to copy filtered properties files.
2024-11-12 18:11:03,659 [Worker-83] INFO  o.e.m.c.i.embedder.EclipseLogger - skip non existing resourceDirectory F:\CustomerOnboarding\Backend\CustomerOnboarding\src\test\resources
2024-11-12 18:15:03,155 [Worker-85] INFO  o.e.m.c.i.embedder.EclipseLogger - Using 'UTF-8' encoding to copy filtered resources.
2024-11-12 18:15:03,155 [Worker-85] INFO  o.e.m.c.i.embedder.EclipseLogger - Using 'UTF-8' encoding to copy filtered properties files.
2024-11-12 18:15:03,155 [Worker-85] INFO  o.e.m.c.i.embedder.EclipseLogger - Copying 1 resource
2024-11-12 18:15:03,155 [Worker-85] INFO  o.e.m.c.i.embedder.EclipseLogger - Copying 0 resource
2024-11-12 18:15:03,155 [Worker-85] INFO  o.e.m.c.i.embedder.EclipseLogger - Using 'UTF-8' encoding to copy filtered resources.
2024-11-12 18:15:03,155 [Worker-85] INFO  o.e.m.c.i.embedder.EclipseLogger - Using 'UTF-8' encoding to copy filtered properties files.
2024-11-12 18:15:03,155 [Worker-85] INFO  o.e.m.c.i.embedder.EclipseLogger - skip non existing resourceDirectory F:\CustomerOnboarding\Backend\CustomerOnboarding\src\test\resources
2024-11-12 18:15:25,009 [Worker-86] INFO  o.e.m.c.i.embedder.EclipseLogger - Using 'UTF-8' encoding to copy filtered resources.
2024-11-12 18:15:25,009 [Worker-86] INFO  o.e.m.c.i.embedder.EclipseLogger - Using 'UTF-8' encoding to copy filtered properties files.
2024-11-12 18:15:25,009 [Worker-86] INFO  o.e.m.c.i.embedder.EclipseLogger - Copying 1 resource
2024-11-12 18:15:25,009 [Worker-86] INFO  o.e.m.c.i.embedder.EclipseLogger - Copying 0 resource
2024-11-12 18:15:25,009 [Worker-86] INFO  o.e.m.c.i.embedder.EclipseLogger - Using 'UTF-8' encoding to copy filtered resources.
2024-11-12 18:15:25,009 [Worker-86] INFO  o.e.m.c.i.embedder.EclipseLogger - Using 'UTF-8' encoding to copy filtered properties files.
2024-11-12 18:15:25,009 [Worker-86] INFO  o.e.m.c.i.embedder.EclipseLogger - skip non existing resourceDirectory F:\CustomerOnboarding\Backend\CustomerOnboarding\src\test\resources
2024-11-12 18:15:51,210 [Worker-86] INFO  o.e.m.c.i.embedder.EclipseLogger - Using 'UTF-8' encoding to copy filtered resources.
2024-11-12 18:15:51,210 [Worker-86] INFO  o.e.m.c.i.embedder.EclipseLogger - Using 'UTF-8' encoding to copy filtered properties files.
2024-11-12 18:15:51,210 [Worker-86] INFO  o.e.m.c.i.embedder.EclipseLogger - Copying 1 resource
2024-11-12 18:15:51,210 [Worker-86] INFO  o.e.m.c.i.embedder.EclipseLogger - Copying 0 resource
2024-11-12 18:15:51,210 [Worker-86] INFO  o.e.m.c.i.embedder.EclipseLogger - Using 'UTF-8' encoding to copy filtered resources.
2024-11-12 18:15:51,210 [Worker-86] INFO  o.e.m.c.i.embedder.EclipseLogger - Using 'UTF-8' encoding to copy filtered properties files.
2024-11-12 18:15:51,210 [Worker-86] INFO  o.e.m.c.i.embedder.EclipseLogger - skip non existing resourceDirectory F:\CustomerOnboarding\Backend\CustomerOnboarding\src\test\resources
2024-11-12 18:17:10,776 [Worker-85] INFO  o.e.m.c.i.embedder.EclipseLogger - Using 'UTF-8' encoding to copy filtered resources.
2024-11-12 18:17:10,776 [Worker-85] INFO  o.e.m.c.i.embedder.EclipseLogger - Using 'UTF-8' encoding to copy filtered properties files.
2024-11-12 18:17:10,776 [Worker-85] INFO  o.e.m.c.i.embedder.EclipseLogger - Copying 1 resource
2024-11-12 18:17:10,786 [Worker-85] INFO  o.e.m.c.i.embedder.EclipseLogger - Copying 0 resource
2024-11-12 18:17:10,786 [Worker-85] INFO  o.e.m.c.i.embedder.EclipseLogger - Using 'UTF-8' encoding to copy filtered resources.
2024-11-12 18:17:10,786 [Worker-85] INFO  o.e.m.c.i.embedder.EclipseLogger - Using 'UTF-8' encoding to copy filtered properties files.
2024-11-12 18:17:10,786 [Worker-85] INFO  o.e.m.c.i.embedder.EclipseLogger - skip non existing resourceDirectory F:\CustomerOnboarding\Backend\CustomerOnboarding\src\test\resources
2024-11-12 18:28:41,564 [Worker-88] INFO  o.e.m.c.i.embedder.EclipseLogger - Using 'UTF-8' encoding to copy filtered resources.
2024-11-12 18:28:41,564 [Worker-88] INFO  o.e.m.c.i.embedder.EclipseLogger - Using 'UTF-8' encoding to copy filtered properties files.
2024-11-12 18:28:41,564 [Worker-88] INFO  o.e.m.c.i.embedder.EclipseLogger - Copying 1 resource
2024-11-12 18:28:41,580 [Worker-88] INFO  o.e.m.c.i.embedder.EclipseLogger - Copying 0 resource
2024-11-12 18:28:41,580 [Worker-88] INFO  o.e.m.c.i.embedder.EclipseLogger - Using 'UTF-8' encoding to copy filtered resources.
2024-11-12 18:28:41,580 [Worker-88] INFO  o.e.m.c.i.embedder.EclipseLogger - Using 'UTF-8' encoding to copy filtered properties files.
2024-11-12 18:28:41,580 [Worker-88] INFO  o.e.m.c.i.embedder.EclipseLogger - skip non existing resourceDirectory F:\CustomerOnboarding\Backend\CustomerOnboarding\src\test\resources
2024-11-12 18:43:25,470 [Worker-92] INFO  o.e.m.c.i.embedder.EclipseLogger - Using 'UTF-8' encoding to copy filtered resources.
2024-11-12 18:43:25,484 [Worker-92] INFO  o.e.m.c.i.embedder.EclipseLogger - Using 'UTF-8' encoding to copy filtered properties files.
2024-11-12 18:43:25,484 [Worker-92] INFO  o.e.m.c.i.embedder.EclipseLogger - Copying 1 resource
2024-11-12 18:43:25,515 [Worker-92] INFO  o.e.m.c.i.embedder.EclipseLogger - Copying 0 resource
2024-11-12 18:43:25,515 [Worker-92] INFO  o.e.m.c.i.embedder.EclipseLogger - Using 'UTF-8' encoding to copy filtered resources.
2024-11-12 18:43:25,515 [Worker-92] INFO  o.e.m.c.i.embedder.EclipseLogger - Using 'UTF-8' encoding to copy filtered properties files.
2024-11-12 18:43:25,515 [Worker-92] INFO  o.e.m.c.i.embedder.EclipseLogger - skip non existing resourceDirectory F:\CustomerOnboarding\Backend\CustomerOnboarding\src\test\resources
2024-11-12 18:46:01,589 [Worker-92] INFO  o.e.m.c.i.embedder.EclipseLogger - Using 'UTF-8' encoding to copy filtered resources.
2024-11-12 18:46:01,589 [Worker-92] INFO  o.e.m.c.i.embedder.EclipseLogger - Using 'UTF-8' encoding to copy filtered properties files.
2024-11-12 18:46:01,589 [Worker-92] INFO  o.e.m.c.i.embedder.EclipseLogger - Copying 1 resource
2024-11-12 18:46:01,589 [Worker-92] INFO  o.e.m.c.i.embedder.EclipseLogger - Copying 0 resource
2024-11-12 18:46:01,589 [Worker-92] INFO  o.e.m.c.i.embedder.EclipseLogger - Using 'UTF-8' encoding to copy filtered resources.
2024-11-12 18:46:01,589 [Worker-92] INFO  o.e.m.c.i.embedder.EclipseLogger - Using 'UTF-8' encoding to copy filtered properties files.
2024-11-12 18:46:01,589 [Worker-92] INFO  o.e.m.c.i.embedder.EclipseLogger - skip non existing resourceDirectory F:\CustomerOnboarding\Backend\CustomerOnboarding\src\test\resources
2024-11-12 18:46:09,075 [Worker-95] INFO  o.e.m.c.i.embedder.EclipseLogger - Using 'UTF-8' encoding to copy filtered resources.
2024-11-12 18:46:09,075 [Worker-95] INFO  o.e.m.c.i.embedder.EclipseLogger - Using 'UTF-8' encoding to copy filtered properties files.
2024-11-12 18:46:09,075 [Worker-95] INFO  o.e.m.c.i.embedder.EclipseLogger - Copying 1 resource
2024-11-12 18:46:09,087 [Worker-95] INFO  o.e.m.c.i.embedder.EclipseLogger - Copying 0 resource
2024-11-12 18:46:09,102 [Worker-95] INFO  o.e.m.c.i.embedder.EclipseLogger - Using 'UTF-8' encoding to copy filtered resources.
2024-11-12 18:46:09,102 [Worker-95] INFO  o.e.m.c.i.embedder.EclipseLogger - Using 'UTF-8' encoding to copy filtered properties files.
2024-11-12 18:46:09,102 [Worker-95] INFO  o.e.m.c.i.embedder.EclipseLogger - skip non existing resourceDirectory F:\CustomerOnboarding\Backend\CustomerOnboarding\src\test\resources
2024-11-12 18:47:26,296 [Worker-91] INFO  o.e.m.c.i.embedder.EclipseLogger - Using 'UTF-8' encoding to copy filtered resources.
2024-11-12 18:47:26,296 [Worker-91] INFO  o.e.m.c.i.embedder.EclipseLogger - Using 'UTF-8' encoding to copy filtered properties files.
2024-11-12 18:47:26,305 [Worker-91] INFO  o.e.m.c.i.embedder.EclipseLogger - Copying 1 resource
2024-11-12 18:47:26,305 [Worker-91] INFO  o.e.m.c.i.embedder.EclipseLogger - Copying 0 resource
2024-11-12 18:47:26,305 [Worker-91] INFO  o.e.m.c.i.embedder.EclipseLogger - Using 'UTF-8' encoding to copy filtered resources.
2024-11-12 18:47:26,305 [Worker-91] INFO  o.e.m.c.i.embedder.EclipseLogger - Using 'UTF-8' encoding to copy filtered properties files.
2024-11-12 18:47:26,305 [Worker-91] INFO  o.e.m.c.i.embedder.EclipseLogger - skip non existing resourceDirectory F:\CustomerOnboarding\Backend\CustomerOnboarding\src\test\resources
2024-11-12 18:48:43,251 [Worker-92] INFO  o.e.m.c.i.embedder.EclipseLogger - Using 'UTF-8' encoding to copy filtered resources.
2024-11-12 18:48:43,251 [Worker-92] INFO  o.e.m.c.i.embedder.EclipseLogger - Using 'UTF-8' encoding to copy filtered properties files.
2024-11-12 18:48:43,251 [Worker-92] INFO  o.e.m.c.i.embedder.EclipseLogger - Copying 1 resource
2024-11-12 18:48:43,251 [Worker-92] INFO  o.e.m.c.i.embedder.EclipseLogger - Copying 0 resource
2024-11-12 18:48:43,251 [Worker-92] INFO  o.e.m.c.i.embedder.EclipseLogger - Using 'UTF-8' encoding to copy filtered resources.
2024-11-12 18:48:43,251 [Worker-92] INFO  o.e.m.c.i.embedder.EclipseLogger - Using 'UTF-8' encoding to copy filtered properties files.
2024-11-12 18:48:43,251 [Worker-92] INFO  o.e.m.c.i.embedder.EclipseLogger - skip non existing resourceDirectory F:\CustomerOnboarding\Backend\CustomerOnboarding\src\test\resources
2024-11-12 18:52:12,609 [Worker-91] INFO  o.e.m.c.i.embedder.EclipseLogger - Using 'UTF-8' encoding to copy filtered resources.
2024-11-12 18:52:12,609 [Worker-91] INFO  o.e.m.c.i.embedder.EclipseLogger - Using 'UTF-8' encoding to copy filtered properties files.
2024-11-12 18:52:12,609 [Worker-91] INFO  o.e.m.c.i.embedder.EclipseLogger - Copying 1 resource
2024-11-12 18:52:12,625 [Worker-91] INFO  o.e.m.c.i.embedder.EclipseLogger - Copying 0 resource
2024-11-12 18:52:12,625 [Worker-91] INFO  o.e.m.c.i.embedder.EclipseLogger - Using 'UTF-8' encoding to copy filtered resources.
2024-11-12 18:52:12,625 [Worker-91] INFO  o.e.m.c.i.embedder.EclipseLogger - Using 'UTF-8' encoding to copy filtered properties files.
2024-11-12 18:52:12,625 [Worker-91] INFO  o.e.m.c.i.embedder.EclipseLogger - skip non existing resourceDirectory F:\CustomerOnboarding\Backend\CustomerOnboarding\src\test\resources
2024-11-12 18:53:12,123 [Worker-90] INFO  o.e.m.c.i.embedder.EclipseLogger - Using 'UTF-8' encoding to copy filtered resources.
2024-11-12 18:53:12,123 [Worker-90] INFO  o.e.m.c.i.embedder.EclipseLogger - Using 'UTF-8' encoding to copy filtered properties files.
2024-11-12 18:53:12,123 [Worker-90] INFO  o.e.m.c.i.embedder.EclipseLogger - Copying 1 resource
2024-11-12 18:53:12,139 [Worker-90] INFO  o.e.m.c.i.embedder.EclipseLogger - Copying 0 resource
2024-11-12 18:53:12,139 [Worker-90] INFO  o.e.m.c.i.embedder.EclipseLogger - Using 'UTF-8' encoding to copy filtered resources.
2024-11-12 18:53:12,139 [Worker-90] INFO  o.e.m.c.i.embedder.EclipseLogger - Using 'UTF-8' encoding to copy filtered properties files.
2024-11-12 18:53:12,139 [Worker-90] INFO  o.e.m.c.i.embedder.EclipseLogger - skip non existing resourceDirectory F:\CustomerOnboarding\Backend\CustomerOnboarding\src\test\resources
2024-11-12 18:53:20,887 [Worker-94] INFO  o.e.m.c.i.embedder.EclipseLogger - Using 'UTF-8' encoding to copy filtered resources.
2024-11-12 18:53:20,887 [Worker-94] INFO  o.e.m.c.i.embedder.EclipseLogger - Using 'UTF-8' encoding to copy filtered properties files.
2024-11-12 18:53:20,887 [Worker-94] INFO  o.e.m.c.i.embedder.EclipseLogger - Copying 1 resource
2024-11-12 18:53:20,887 [Worker-94] INFO  o.e.m.c.i.embedder.EclipseLogger - Copying 0 resource
2024-11-12 18:53:20,887 [Worker-94] INFO  o.e.m.c.i.embedder.EclipseLogger - Using 'UTF-8' encoding to copy filtered resources.
2024-11-12 18:53:20,887 [Worker-94] INFO  o.e.m.c.i.embedder.EclipseLogger - Using 'UTF-8' encoding to copy filtered properties files.
2024-11-12 18:53:20,887 [Worker-94] INFO  o.e.m.c.i.embedder.EclipseLogger - skip non existing resourceDirectory F:\CustomerOnboarding\Backend\CustomerOnboarding\src\test\resources
2024-11-12 18:54:29,698 [Worker-94] INFO  o.e.m.c.i.embedder.EclipseLogger - Using 'UTF-8' encoding to copy filtered resources.
2024-11-12 18:54:29,698 [Worker-94] INFO  o.e.m.c.i.embedder.EclipseLogger - Using 'UTF-8' encoding to copy filtered properties files.
2024-11-12 18:54:29,698 [Worker-94] INFO  o.e.m.c.i.embedder.EclipseLogger - Copying 1 resource
2024-11-12 18:54:29,718 [Worker-94] INFO  o.e.m.c.i.embedder.EclipseLogger - Copying 0 resource
2024-11-12 18:54:29,729 [Worker-94] INFO  o.e.m.c.i.embedder.EclipseLogger - Using 'UTF-8' encoding to copy filtered resources.
2024-11-12 18:54:29,729 [Worker-94] INFO  o.e.m.c.i.embedder.EclipseLogger - Using 'UTF-8' encoding to copy filtered properties files.
2024-11-12 18:54:29,729 [Worker-94] INFO  o.e.m.c.i.embedder.EclipseLogger - skip non existing resourceDirectory F:\CustomerOnboarding\Backend\CustomerOnboarding\src\test\resources
2024-11-12 18:54:48,374 [Worker-94] INFO  o.e.m.c.i.embedder.EclipseLogger - Using 'UTF-8' encoding to copy filtered resources.
2024-11-12 18:54:48,374 [Worker-94] INFO  o.e.m.c.i.embedder.EclipseLogger - Using 'UTF-8' encoding to copy filtered properties files.
2024-11-12 18:54:48,374 [Worker-94] INFO  o.e.m.c.i.embedder.EclipseLogger - Copying 1 resource
2024-11-12 18:54:48,374 [Worker-94] INFO  o.e.m.c.i.embedder.EclipseLogger - Copying 0 resource
2024-11-12 18:54:48,374 [Worker-94] INFO  o.e.m.c.i.embedder.EclipseLogger - Using 'UTF-8' encoding to copy filtered resources.
2024-11-12 18:54:48,374 [Worker-94] INFO  o.e.m.c.i.embedder.EclipseLogger - Using 'UTF-8' encoding to copy filtered properties files.
2024-11-12 18:54:48,374 [Worker-94] INFO  o.e.m.c.i.embedder.EclipseLogger - skip non existing resourceDirectory F:\CustomerOnboarding\Backend\CustomerOnboarding\src\test\resources
2024-11-12 18:55:03,370 [Worker-92] INFO  o.e.m.c.i.embedder.EclipseLogger - Using 'UTF-8' encoding to copy filtered resources.
2024-11-12 18:55:03,370 [Worker-92] INFO  o.e.m.c.i.embedder.EclipseLogger - Using 'UTF-8' encoding to copy filtered properties files.
2024-11-12 18:55:03,370 [Worker-92] INFO  o.e.m.c.i.embedder.EclipseLogger - Copying 1 resource
2024-11-12 18:55:03,370 [Worker-92] INFO  o.e.m.c.i.embedder.EclipseLogger - Copying 0 resource
2024-11-12 18:55:03,370 [Worker-92] INFO  o.e.m.c.i.embedder.EclipseLogger - Using 'UTF-8' encoding to copy filtered resources.
2024-11-12 18:55:03,370 [Worker-92] INFO  o.e.m.c.i.embedder.EclipseLogger - Using 'UTF-8' encoding to copy filtered properties files.
2024-11-12 18:55:03,370 [Worker-92] INFO  o.e.m.c.i.embedder.EclipseLogger - skip non existing resourceDirectory F:\CustomerOnboarding\Backend\CustomerOnboarding\src\test\resources
2024-11-12 18:55:16,451 [Worker-96] INFO  o.e.m.c.i.embedder.EclipseLogger - Using 'UTF-8' encoding to copy filtered resources.
2024-11-12 18:55:16,451 [Worker-96] INFO  o.e.m.c.i.embedder.EclipseLogger - Using 'UTF-8' encoding to copy filtered properties files.
2024-11-12 18:55:16,451 [Worker-96] INFO  o.e.m.c.i.embedder.EclipseLogger - Copying 1 resource
2024-11-12 18:55:16,451 [Worker-96] INFO  o.e.m.c.i.embedder.EclipseLogger - Copying 0 resource
2024-11-12 18:55:16,451 [Worker-96] INFO  o.e.m.c.i.embedder.EclipseLogger - Using 'UTF-8' encoding to copy filtered resources.
2024-11-12 18:55:16,451 [Worker-96] INFO  o.e.m.c.i.embedder.EclipseLogger - Using 'UTF-8' encoding to copy filtered properties files.
2024-11-12 18:55:16,451 [Worker-96] INFO  o.e.m.c.i.embedder.EclipseLogger - skip non existing resourceDirectory F:\CustomerOnboarding\Backend\CustomerOnboarding\src\test\resources
2024-11-12 21:23:22,338 [Worker-11] INFO  o.e.m.c.i.embedder.EclipseLogger - Using 'UTF-8' encoding to copy filtered resources.
2024-11-12 21:23:22,412 [Worker-11] INFO  o.e.m.c.i.embedder.EclipseLogger - Using 'UTF-8' encoding to copy filtered properties files.
2024-11-12 21:23:22,419 [Worker-11] INFO  o.e.m.c.i.embedder.EclipseLogger - Copying 1 resource
2024-11-12 21:23:22,441 [Worker-11] INFO  o.e.m.c.i.embedder.EclipseLogger - Copying 0 resource
2024-11-12 21:23:22,443 [Worker-11] INFO  o.e.m.c.i.embedder.EclipseLogger - Using 'UTF-8' encoding to copy filtered resources.
2024-11-12 21:23:22,443 [Worker-11] INFO  o.e.m.c.i.embedder.EclipseLogger - Using 'UTF-8' encoding to copy filtered properties files.
2024-11-12 21:23:22,443 [Worker-11] INFO  o.e.m.c.i.embedder.EclipseLogger - skip non existing resourceDirectory F:\CustomerOnboarding\Backend\CustomerOnboarding\src\test\resources
2024-11-12 22:36:08,912 [Worker-50] INFO  o.e.m.c.i.embedder.EclipseLogger - Using 'UTF-8' encoding to copy filtered resources.
2024-11-12 22:36:08,912 [Worker-50] INFO  o.e.m.c.i.embedder.EclipseLogger - Using 'UTF-8' encoding to copy filtered properties files.
2024-11-12 22:36:08,912 [Worker-50] INFO  o.e.m.c.i.embedder.EclipseLogger - Copying 1 resource
2024-11-12 22:36:08,959 [Worker-50] INFO  o.e.m.c.i.embedder.EclipseLogger - Copying 0 resource
2024-11-12 22:36:08,959 [Worker-50] INFO  o.e.m.c.i.embedder.EclipseLogger - Using 'UTF-8' encoding to copy filtered resources.
2024-11-12 22:36:08,959 [Worker-50] INFO  o.e.m.c.i.embedder.EclipseLogger - Using 'UTF-8' encoding to copy filtered properties files.
2024-11-12 22:36:08,959 [Worker-50] INFO  o.e.m.c.i.embedder.EclipseLogger - skip non existing resourceDirectory F:\CustomerOnboarding\Backend\CustomerOnboarding\src\test\resources
2024-11-12 22:39:16,444 [Worker-53] INFO  o.e.m.c.i.embedder.EclipseLogger - Using 'UTF-8' encoding to copy filtered resources.
2024-11-12 22:39:16,444 [Worker-53] INFO  o.e.m.c.i.embedder.EclipseLogger - Using 'UTF-8' encoding to copy filtered properties files.
2024-11-12 22:39:16,444 [Worker-53] INFO  o.e.m.c.i.embedder.EclipseLogger - Copying 1 resource
2024-11-12 22:39:16,444 [Worker-53] INFO  o.e.m.c.i.embedder.EclipseLogger - Copying 0 resource
2024-11-12 22:39:16,460 [Worker-53] INFO  o.e.m.c.i.embedder.EclipseLogger - Using 'UTF-8' encoding to copy filtered resources.
2024-11-12 22:39:16,460 [Worker-53] INFO  o.e.m.c.i.embedder.EclipseLogger - Using 'UTF-8' encoding to copy filtered properties files.
2024-11-12 22:39:16,460 [Worker-53] INFO  o.e.m.c.i.embedder.EclipseLogger - skip non existing resourceDirectory F:\CustomerOnboarding\Backend\CustomerOnboarding\src\test\resources
2024-11-12 23:07:16,972 [Worker-62] INFO  o.e.m.c.i.embedder.EclipseLogger - Using 'UTF-8' encoding to copy filtered resources.
2024-11-12 23:07:16,972 [Worker-62] INFO  o.e.m.c.i.embedder.EclipseLogger - Using 'UTF-8' encoding to copy filtered properties files.
2024-11-12 23:07:16,972 [Worker-62] INFO  o.e.m.c.i.embedder.EclipseLogger - Copying 1 resource
2024-11-12 23:07:17,002 [Worker-62] INFO  o.e.m.c.i.embedder.EclipseLogger - Copying 0 resource
2024-11-12 23:07:17,002 [Worker-62] INFO  o.e.m.c.i.embedder.EclipseLogger - Using 'UTF-8' encoding to copy filtered resources.
2024-11-12 23:07:17,002 [Worker-62] INFO  o.e.m.c.i.embedder.EclipseLogger - Using 'UTF-8' encoding to copy filtered properties files.
2024-11-12 23:07:17,002 [Worker-62] INFO  o.e.m.c.i.embedder.EclipseLogger - skip non existing resourceDirectory F:\CustomerOnboarding\Backend\CustomerOnboarding\src\test\resources
2024-11-12 23:07:50,317 [Worker-66] INFO  o.e.m.c.i.embedder.EclipseLogger - Using 'UTF-8' encoding to copy filtered resources.
2024-11-12 23:07:50,317 [Worker-66] INFO  o.e.m.c.i.embedder.EclipseLogger - Using 'UTF-8' encoding to copy filtered properties files.
2024-11-12 23:07:50,317 [Worker-66] INFO  o.e.m.c.i.embedder.EclipseLogger - Copying 1 resource
2024-11-12 23:07:50,348 [Worker-66] INFO  o.e.m.c.i.embedder.EclipseLogger - Copying 0 resource
2024-11-12 23:07:50,348 [Worker-66] INFO  o.e.m.c.i.embedder.EclipseLogger - Using 'UTF-8' encoding to copy filtered resources.
2024-11-12 23:07:50,348 [Worker-66] INFO  o.e.m.c.i.embedder.EclipseLogger - Using 'UTF-8' encoding to copy filtered properties files.
2024-11-12 23:07:50,364 [Worker-66] INFO  o.e.m.c.i.embedder.EclipseLogger - skip non existing resourceDirectory F:\CustomerOnboarding\Backend\CustomerOnboarding\src\test\resources
2024-11-13 22:38:15,248 [Worker-0] INFO  o.e.m.c.i.embedder.EclipseLogger - Using 'UTF-8' encoding to copy filtered resources.
2024-11-13 22:38:15,274 [Worker-0] INFO  o.e.m.c.i.embedder.EclipseLogger - Using 'UTF-8' encoding to copy filtered properties files.
2024-11-13 22:38:15,280 [Worker-0] INFO  o.e.m.c.i.embedder.EclipseLogger - Copying 1 resource
2024-11-13 22:38:15,365 [Worker-0] INFO  o.e.m.c.i.embedder.EclipseLogger - Copying 0 resource
2024-11-13 22:38:15,370 [Worker-0] INFO  o.e.m.c.i.embedder.EclipseLogger - Using 'UTF-8' encoding to copy filtered resources.
2024-11-13 22:38:15,371 [Worker-0] INFO  o.e.m.c.i.embedder.EclipseLogger - Using 'UTF-8' encoding to copy filtered properties files.
2024-11-13 22:38:15,371 [Worker-0] INFO  o.e.m.c.i.embedder.EclipseLogger - skip non existing resourceDirectory F:\CustomerOnboarding\Backend\CustomerOnboarding\src\test\resources
2024-11-13 23:11:59,158 [Worker-9] INFO  o.e.m.c.i.embedder.EclipseLogger - Using 'UTF-8' encoding to copy filtered resources.
2024-11-13 23:11:59,161 [Worker-9] INFO  o.e.m.c.i.embedder.EclipseLogger - Using 'UTF-8' encoding to copy filtered properties files.
2024-11-13 23:11:59,165 [Worker-9] INFO  o.e.m.c.i.embedder.EclipseLogger - Copying 1 resource
2024-11-13 23:11:59,185 [Worker-9] INFO  o.e.m.c.i.embedder.EclipseLogger - Copying 0 resource
2024-11-13 23:11:59,188 [Worker-9] INFO  o.e.m.c.i.embedder.EclipseLogger - Using 'UTF-8' encoding to copy filtered resources.
2024-11-13 23:11:59,188 [Worker-9] INFO  o.e.m.c.i.embedder.EclipseLogger - Using 'UTF-8' encoding to copy filtered properties files.
2024-11-13 23:11:59,188 [Worker-9] INFO  o.e.m.c.i.embedder.EclipseLogger - skip non existing resourceDirectory F:\CustomerOnboarding\Backend\CustomerOnboarding\src\test\resources
